Using pre-set license
Built from '2022.3/staging' branch; Version is '2022.3.9f1 (ea401c316338) revision 15351836'; Using compiler version '192829333'; Build Type 'Release'
OS: 'Windows 11  (10.0.22631) 64bit Core' Language: 'en' Physical Memory: 32679 MB
BatchMode: 1, IsHumanControllingUs: 0, StartBugReporterOnCrash: 0, Is64bit: 1, IsPro: 1

COMMAND LINE ARGUMENTS:
C:\Program Files\Unity\Hub\Editor\2022.3.9f1\Editor\Unity.exe
-adb2
-batchMode
-noUpm
-name
AssetImportWorker22
-projectPath
C:/Users/Jerem/Documents/GitHub/IGB321/IGB321
-logFile
Logs/AssetImportWorker22.log
-srvPort
52693
Successfully changed project path to: C:/Users/Jerem/Documents/GitHub/IGB321/IGB321
C:/Users/Jerem/Documents/GitHub/IGB321/IGB321
[UnityMemory] Configuration Parameters - Can be set up in boot.config
    "memorysetup-bucket-allocator-granularity=16"
    "memorysetup-bucket-allocator-bucket-count=8"
    "memorysetup-bucket-allocator-block-size=33554432"
    "memorysetup-bucket-allocator-block-count=8"
    "memorysetup-main-allocator-block-size=16777216"
    "memorysetup-thread-allocator-block-size=16777216"
    "memorysetup-gfx-main-allocator-block-size=16777216"
    "memorysetup-gfx-thread-allocator-block-size=16777216"
    "memorysetup-cache-allocator-block-size=4194304"
    "memorysetup-typetree-allocator-block-size=2097152"
    "memorysetup-profiler-bucket-allocator-granularity=16"
    "memorysetup-profiler-bucket-allocator-bucket-count=8"
    "memorysetup-profiler-bucket-allocator-block-size=33554432"
    "memorysetup-profiler-bucket-allocator-block-count=8"
    "memorysetup-profiler-allocator-block-size=16777216"
    "memorysetup-profiler-editor-allocator-block-size=1048576"
    "memorysetup-temp-allocator-size-main=16777216"
    "memorysetup-job-temp-allocator-block-size=2097152"
    "memorysetup-job-temp-allocator-block-size-background=1048576"
    "memorysetup-job-temp-allocator-reduction-small-platforms=262144"
    "memorysetup-allocator-temp-initial-block-size-main=262144"
    "memorysetup-allocator-temp-initial-block-size-worker=262144"
    "memorysetup-temp-allocator-size-background-worker=32768"
    "memorysetup-temp-allocator-size-job-worker=262144"
    "memorysetup-temp-allocator-size-preload-manager=33554432"
    "memorysetup-temp-allocator-size-nav-mesh-worker=65536"
    "memorysetup-temp-allocator-size-audio-worker=65536"
    "memorysetup-temp-allocator-size-cloud-worker=32768"
    "memorysetup-temp-allocator-size-gi-baking-worker=262144"
    "memorysetup-temp-allocator-size-gfx=262144"
Player connection [36184] Host "[IP] 172.16.0.9 [Port] 0 [Flags] 2 [Guid] 1872495691 [EditorId] 1872495691 [Version] 1048832 [Id] WindowsEditor(7,JeremyPC) [Debug] 1 [PackageName] WindowsEditor [ProjectName] Editor" joined multi-casting on [225.0.0.222:54997]...

Player connection [36184] Host "[IP] 172.16.0.9 [Port] 0 [Flags] 2 [Guid] 1872495691 [EditorId] 1872495691 [Version] 1048832 [Id] WindowsEditor(7,JeremyPC) [Debug] 1 [PackageName] WindowsEditor [ProjectName] Editor" joined alternative multi-casting on [225.0.0.222:34997]...

[Physics::Module] Initialized MultithreadedJobDispatcher with 15 workers.
Refreshing native plugins compatible for Editor in 12.51 ms, found 2 plugins.
Preloading 0 native plugins for Editor in 0.00 ms.
Initialize engine version: 2022.3.9f1 (ea401c316338)
[Subsystems] Discovering subsystems at path C:/Program Files/Unity/Hub/Editor/2022.3.9f1/Editor/Data/Resources/UnitySubsystems
[Subsystems] Discovering subsystems at path C:/Users/Jerem/Documents/GitHub/IGB321/IGB321/Assets
GfxDevice: creating device client; threaded=0; jobified=0
Direct3D:
    Version:  Direct3D 11.0 [level 11.1]
    Renderer: NVIDIA GeForce RTX 3070 (ID=0x2484)
    Vendor:   NVIDIA
    VRAM:     8032 MB
    Driver:   31.0.15.4584
Initialize mono
Mono path[0] = 'C:/Program Files/Unity/Hub/Editor/2022.3.9f1/Editor/Data/Managed'
Mono path[1] = 'C:/Program Files/Unity/Hub/Editor/2022.3.9f1/Editor/Data/MonoBleedingEdge/lib/mono/unityjit-win32'
Mono config path = 'C:/Program Files/Unity/Hub/Editor/2022.3.9f1/Editor/Data/MonoBleedingEdge/etc'
Using monoOptions --debugger-agent=transport=dt_socket,embedding=1,server=y,suspend=n,address=127.0.0.1:56000
Begin MonoManager ReloadAssembly
Registering precompiled unity dll's ...
Register platform support module: C:/Program Files/Unity/Hub/Editor/2022.3.9f1/Editor/Data/PlaybackEngines/WindowsStandaloneSupport/UnityEditor.WindowsStandalone.Extensions.dll
Registered in 0.007888 seconds.
- Loaded All Assemblies, in  0.602 seconds
Native extension for WindowsStandalone target not found
Mono: successfully reloaded assembly
- Finished resetting the current domain, in  0.802 seconds
Domain Reload Profiling: 1402ms
	BeginReloadAssembly (229ms)
		ExecutionOrderSort (0ms)
		DisableScriptedObjects (0ms)
		BackupInstance (0ms)
		ReleaseScriptingObjects (0ms)
		CreateAndSetChildDomain (1ms)
	RebuildCommonClasses (53ms)
	RebuildNativeTypeToScriptingClass (17ms)
	initialDomainReloadingComplete (78ms)
	LoadAllAssembliesAndSetupDomain (221ms)
		LoadAssemblies (226ms)
		RebuildTransferFunctionScriptingTraits (0ms)
		AnalyzeDomain (219ms)
			TypeCache.Refresh (218ms)
				TypeCache.ScanAssembly (199ms)
			ScanForSourceGeneratedMonoScriptInfo (0ms)
			ResolveRequiredComponents (0ms)
	FinalizeReload (803ms)
		ReleaseScriptCaches (0ms)
		RebuildScriptCaches (0ms)
		SetupLoadedEditorAssemblies (429ms)
			LogAssemblyErrors (0ms)
			InitializePlatformSupportModulesInManaged (13ms)
			SetLoadedEditorAssemblies (13ms)
			RefreshPlugins (0ms)
			BeforeProcessingInitializeOnLoad (4ms)
			ProcessInitializeOnLoadAttributes (338ms)
			ProcessInitializeOnLoadMethodAttributes (61ms)
			AfterProcessingInitializeOnLoad (0ms)
			EditorAssembliesLoaded (0ms)
		ExecutionOrderSort2 (0ms)
		AwakeInstancesAfterBackupRestoration (0ms)
========================================================================
Worker process is ready to serve import requests
Begin MonoManager ReloadAssembly
Symbol file LoadedFromMemory is not a mono symbol file
- Loaded All Assemblies, in  0.942 seconds
Refreshing native plugins compatible for Editor in 7.03 ms, found 2 plugins.
Native extension for WindowsStandalone target not found
Package Manager log level set to [2]
[Package Manager] Server::EnsureServerProcessIsRunning -- launch failed, reason: Unity was launched with the -noUpm command-line argument
[Package Manager] UpmClient::Send -- Unable to send message (not connected to UPM process).
[Package Manager] Cannot connect to Unity Package Manager local server
Mono: successfully reloaded assembly
- Finished resetting the current domain, in  0.962 seconds
Domain Reload Profiling: 1895ms
	BeginReloadAssembly (358ms)
		ExecutionOrderSort (0ms)
		DisableScriptedObjects (6ms)
		BackupInstance (0ms)
		ReleaseScriptingObjects (0ms)
		CreateAndSetChildDomain (113ms)
	RebuildCommonClasses (136ms)
	RebuildNativeTypeToScriptingClass (12ms)
	initialDomainReloadingComplete (51ms)
	LoadAllAssembliesAndSetupDomain (375ms)
		LoadAssemblies (414ms)
		RebuildTransferFunctionScriptingTraits (0ms)
		AnalyzeDomain (115ms)
			TypeCache.Refresh (98ms)
				TypeCache.ScanAssembly (83ms)
			ScanForSourceGeneratedMonoScriptInfo (14ms)
			ResolveRequiredComponents (2ms)
	FinalizeReload (962ms)
		ReleaseScriptCaches (0ms)
		RebuildScriptCaches (0ms)
		SetupLoadedEditorAssemblies (812ms)
			LogAssemblyErrors (0ms)
			InitializePlatformSupportModulesInManaged (5ms)
			SetLoadedEditorAssemblies (3ms)
			RefreshPlugins (0ms)
			BeforeProcessingInitializeOnLoad (71ms)
			ProcessInitializeOnLoadAttributes (392ms)
			ProcessInitializeOnLoadMethodAttributes (330ms)
			AfterProcessingInitializeOnLoad (10ms)
			EditorAssembliesLoaded (0ms)
		ExecutionOrderSort2 (0ms)
		AwakeInstancesAfterBackupRestoration (7ms)
Launched and connected shader compiler UnityShaderCompiler.exe after 0.06 seconds
Refreshing native plugins compatible for Editor in 275.04 ms, found 2 plugins.
Preloading 0 native plugins for Editor in 0.00 ms.
Unloading 3078 Unused Serialized files (Serialized files now loaded: 0)
Unloading 78 unused Assets / (1.4 MB). Loaded Objects now: 3534.
Memory consumption went from 215.6 MB to 214.3 MB.
Total: 11.114200 ms (FindLiveObjects: 0.461900 ms CreateObjectMapping: 0.198100 ms MarkObjects: 9.490800 ms  DeleteObjects: 0.961600 ms)

AssetImportParameters requested are different than current active one (requested -> active):
  custom:video-decoder-webm-vp8: 9c59270c3fd7afecdb556c50c9e8de78 -> 
  custom:SearchIndexIgnoredProperties: e643bd26f0fe6173181afceb89e7c659 -> 
  custom:container-demuxer-ogg: 62fdf1f143b41e24485cea50d1cbac27 -> 
  custom:AudioImporter_EditorPlatform: d09bf68614088b80899f8185d706f6e7 -> 
  custom:video-codec-MediaFoundation-h265: 746d11721c4dcdbdad8f713fa42b33f4 -> 
  custom:video-decoder-ogg-theora: a1e56fd34408186e4bbccfd4996cb3dc -> 
  custom:framework-win-MediaFoundation: 216162199b28c13a410421893ffa2e32 -> 
  custom:video-encoder-webm-vp8: eb34c28f22e8b96e1ab97ce403110664 -> 
  custom:audio-decoder-ogg-vorbis: bf7c407c2cedff20999df2af8eb42d56 -> 
  custom:CustomObjectIndexerAttribute: 756ad292c208cfabdd7b50bc23989ffe -> 
  custom:container-demuxer-webm: 4f35f7cbe854078d1ac9338744f61a02 -> 
  custom:audio-encoder-webm-vorbis: bf7c407c2cedff20999df2af8eb42d56 -> 
  custom:container-muxer-webm: aa71ff27fc2769a1b78a27578f13a17b -> 
========================================================================
Received Import Request.
  Time since last request: 17690.750907 seconds.
  path: Packages/com.unity.ide.visualstudio/Editor/com.unity.ide.visualstudio.asmdef
  artifactKey: Guid(b93f844d45cfcc44fa2b0eed5c9ec6bb) Importer(815301076,1909f56bfc062723c751e8b465ee728b)
Start importing Packages/com.unity.ide.visualstudio/Editor/com.unity.ide.visualstudio.asmdef using Guid(b93f844d45cfcc44fa2b0eed5c9ec6bb) Importer(815301076,1909f56bfc062723c751e8b465ee728b)  -> (artifact id: '0b8d9413abb318b8a052513f2ad84ea2') in 0.004841 seconds
Number of updated asset objects reloaded before import = 0
Number of asset objects unloaded after import = 0
========================================================================
Received Import Request.
  Time since last request: 0.007779 seconds.
  path: Assets/Effects/ParticlePack/EffectExamples/Magic Effects/Textures/IceCurvature.tif
  artifactKey: Guid(8bd3845bbbeebd04b8a19ee995137147) Importer(815301076,1909f56bfc062723c751e8b465ee728b)
Start importing Assets/Effects/ParticlePack/EffectExamples/Magic Effects/Textures/IceCurvature.tif using Guid(8bd3845bbbeebd04b8a19ee995137147) Importer(815301076,1909f56bfc062723c751e8b465ee728b)  -> (artifact id: '0abc15b7b86384f0587666fb21805d63') in 0.063400 seconds
Number of updated asset objects reloaded before import = 0
Number of asset objects unloaded after import = 2
========================================================================
Received Import Request.
  Time since last request: 204.922413 seconds.
  path: Assets/TILE PREFABS/Server Room Present.prefab
  artifactKey: Guid(4401054a63b4dd24db2edd2d5f91be3e) Importer(815301076,1909f56bfc062723c751e8b465ee728b)
Start importing Assets/TILE PREFABS/Server Room Present.prefab using Guid(4401054a63b4dd24db2edd2d5f91be3e) Importer(815301076,1909f56bfc062723c751e8b465ee728b)  -> (artifact id: 'd67fe1f8c37b96fe7e71ab276819f9ad') in 0.252182 seconds
Number of updated asset objects reloaded before import = 0
Number of asset objects unloaded after import = 968
========================================================================
Received Import Request.
  Time since last request: 547.521278 seconds.
  path: Assets/Scripts/TetherController.cs
  artifactKey: Guid(6e98a6393128082468722f24f4dda27a) Importer(815301076,1909f56bfc062723c751e8b465ee728b)
Start importing Assets/Scripts/TetherController.cs using Guid(6e98a6393128082468722f24f4dda27a) Importer(815301076,1909f56bfc062723c751e8b465ee728b)  -> (artifact id: '3831f224d1d23596aa638c96c881f575') in 0.005988 seconds
Number of updated asset objects reloaded before import = 0
Number of asset objects unloaded after import = 0
========================================================================
Received Import Request.
  Time since last request: 269.743599 seconds.
  path: Assets/Textures/Brown Wall/Brown Wall.mat
  artifactKey: Guid(da29281890bd31f41aba62c01985d94b) Importer(815301076,1909f56bfc062723c751e8b465ee728b)
Start importing Assets/Textures/Brown Wall/Brown Wall.mat using Guid(da29281890bd31f41aba62c01985d94b) Importer(815301076,1909f56bfc062723c751e8b465ee728b)  -> (artifact id: 'b67cb94f6e929de87c722f66c3636078') in 0.035228 seconds
Number of updated asset objects reloaded before import = 0
Number of asset objects unloaded after import = 5
========================================================================
Received Import Request.
  Time since last request: 0.000014 seconds.
  path: Assets/Effects/ParticlePack/Shared/Environment/Materials/ConcreteWall.mat
  artifactKey: Guid(f9c717e11fb192c4aa958181f2ebc67a) Importer(815301076,1909f56bfc062723c751e8b465ee728b)
Start importing Assets/Effects/ParticlePack/Shared/Environment/Materials/ConcreteWall.mat using Guid(f9c717e11fb192c4aa958181f2ebc67a) Importer(815301076,1909f56bfc062723c751e8b465ee728b)  -> (artifact id: 'de3808f790a0d9e10c861e3a9cb84242') in 0.037483 seconds
Number of updated asset objects reloaded before import = 0
Number of asset objects unloaded after import = 5
========================================================================
Received Import Request.
  Time since last request: 0.000013 seconds.
  path: Assets/Textures/Brown Wall/Brown Wall_diffuseOriginal.bmp
  artifactKey: Guid(efddd0c70f3a89440a2ef1f6212ced78) Importer(815301076,1909f56bfc062723c751e8b465ee728b)
Start importing Assets/Textures/Brown Wall/Brown Wall_diffuseOriginal.bmp using Guid(efddd0c70f3a89440a2ef1f6212ced78) Importer(815301076,1909f56bfc062723c751e8b465ee728b)  -> (artifact id: 'd1f073dd363406f6f52e1912d3d674a0') in 0.013019 seconds
Number of updated asset objects reloaded before import = 0
Number of asset objects unloaded after import = 2
========================================================================
Received Import Request.
  Time since last request: 0.000015 seconds.
  path: Assets/Effects/ParticlePack/Shared/Environment/Textures/ConcreteWall_normal.tif
  artifactKey: Guid(d98cf5219f5996d479964a1074ada90a) Importer(815301076,1909f56bfc062723c751e8b465ee728b)
Start importing Assets/Effects/ParticlePack/Shared/Environment/Textures/ConcreteWall_normal.tif using Guid(d98cf5219f5996d479964a1074ada90a) Importer(815301076,1909f56bfc062723c751e8b465ee728b)  -> (artifact id: '605d93683a781be6d0800689786e4619') in 0.016957 seconds
Number of updated asset objects reloaded before import = 0
Number of asset objects unloaded after import = 2
========================================================================
Received Import Request.
  Time since last request: 0.000015 seconds.
  path: Assets/Materials & Textures/Materials/mall walls.mat
  artifactKey: Guid(87871468c05bc9d4a9379426e0062454) Importer(815301076,1909f56bfc062723c751e8b465ee728b)
Start importing Assets/Materials & Textures/Materials/mall walls.mat using Guid(87871468c05bc9d4a9379426e0062454) Importer(815301076,1909f56bfc062723c751e8b465ee728b)  -> (artifact id: '90aa5970749a212777b9be48dc8c5979') in 0.010438 seconds
Number of updated asset objects reloaded before import = 0
Number of asset objects unloaded after import = 2
========================================================================
Received Import Request.
  Time since last request: 0.000020 seconds.
  path: Assets/Effects/ParticlePack/Shared/Environment/Prefabs/SideWall.prefab
  artifactKey: Guid(2ed68cc4c6f4c5d42bb123a2bc92d4d9) Importer(815301076,1909f56bfc062723c751e8b465ee728b)
Start importing Assets/Effects/ParticlePack/Shared/Environment/Prefabs/SideWall.prefab using Guid(2ed68cc4c6f4c5d42bb123a2bc92d4d9) Importer(815301076,1909f56bfc062723c751e8b465ee728b)  -> (artifact id: 'a269c63a75469940bdc922b96aa332bb') in 0.024592 seconds
Number of updated asset objects reloaded before import = 0
Number of asset objects unloaded after import = 21
========================================================================
Received Import Request.
  Time since last request: 0.000018 seconds.
  path: Assets/SciFiProps2/Textures/WallTex_Specular.tga
  artifactKey: Guid(f1f5b00f04ac52c44a3d465791f5db49) Importer(815301076,1909f56bfc062723c751e8b465ee728b)
Start importing Assets/SciFiProps2/Textures/WallTex_Specular.tga using Guid(f1f5b00f04ac52c44a3d465791f5db49) Importer(815301076,1909f56bfc062723c751e8b465ee728b)  -> (artifact id: '7690d2f8e13f28b63213e82835b85e79') in 0.019997 seconds
Number of updated asset objects reloaded before import = 0
Number of asset objects unloaded after import = 2
========================================================================
Received Import Request.
  Time since last request: 0.000013 seconds.
  path: Assets/SciFiProps2/Models/Wall.fbx
  artifactKey: Guid(08172d9ac29e77e4aa26003e54e8f3a0) Importer(815301076,1909f56bfc062723c751e8b465ee728b)
Start importing Assets/SciFiProps2/Models/Wall.fbx using Guid(08172d9ac29e77e4aa26003e54e8f3a0) Importer(815301076,1909f56bfc062723c751e8b465ee728b)  -> (artifact id: '5eadd9f27160b1bd9b7496781e5d2f24') in 0.039224 seconds
Number of updated asset objects reloaded before import = 0
Number of asset objects unloaded after import = 7
========================================================================
Received Import Request.
  Time since last request: 0.000018 seconds.
  path: Assets/SciFiProps2/Textures/WallTex_HeightMap.png
  artifactKey: Guid(73fda6182aed7514db600d1c5ccac14f) Importer(815301076,1909f56bfc062723c751e8b465ee728b)
Start importing Assets/SciFiProps2/Textures/WallTex_HeightMap.png using Guid(73fda6182aed7514db600d1c5ccac14f) Importer(815301076,1909f56bfc062723c751e8b465ee728b)  -> (artifact id: '82d86e46e854e78a9a7e66a5cae0cdc2') in 0.027818 seconds
Number of updated asset objects reloaded before import = 0
Number of asset objects unloaded after import = 2
========================================================================
Received Import Request.
  Time since last request: 0.000013 seconds.
  path: Assets/SciFiProps2/Textures/WallTex_Occlusion.png
  artifactKey: Guid(564a06fcabad5cc4d97ae8dee2f89f55) Importer(815301076,1909f56bfc062723c751e8b465ee728b)
Start importing Assets/SciFiProps2/Textures/WallTex_Occlusion.png using Guid(564a06fcabad5cc4d97ae8dee2f89f55) Importer(815301076,1909f56bfc062723c751e8b465ee728b)  -> (artifact id: '16a064c626c32ce7750d46ee879f418d') in 0.027951 seconds
Number of updated asset objects reloaded before import = 0
Number of asset objects unloaded after import = 2
========================================================================
Received Import Request.
  Time since last request: 0.000013 seconds.
  path: Assets/Effects/ParticlePack/Shared/Environment/Models/SideWall.fbx
  artifactKey: Guid(b03a156a678c5aa42b3abd35f650bb53) Importer(815301076,1909f56bfc062723c751e8b465ee728b)
Start importing Assets/Effects/ParticlePack/Shared/Environment/Models/SideWall.fbx using Guid(b03a156a678c5aa42b3abd35f650bb53) Importer(815301076,1909f56bfc062723c751e8b465ee728b)  -> (artifact id: 'da7be2f1e046c80c52a38e7331861e57') in 0.043304 seconds
Number of updated asset objects reloaded before import = 0
Number of asset objects unloaded after import = 20
========================================================================
Received Import Request.
  Time since last request: 0.000033 seconds.
  path: Assets/Effects/ParticlePack/Shared/Environment/Prefabs/LongOverhangWall.prefab
  artifactKey: Guid(c5aa08609f3d9f547aca9af1d6c18070) Importer(815301076,1909f56bfc062723c751e8b465ee728b)
Start importing Assets/Effects/ParticlePack/Shared/Environment/Prefabs/LongOverhangWall.prefab using Guid(c5aa08609f3d9f547aca9af1d6c18070) Importer(815301076,1909f56bfc062723c751e8b465ee728b)  -> (artifact id: '70add8bee5123015f9e4caf95e31cded') in 0.049584 seconds
Number of updated asset objects reloaded before import = 0
Number of asset objects unloaded after import = 45
========================================================================
Received Import Request.
  Time since last request: 0.000017 seconds.
  path: Assets/Effects/ParticlePack/Shared/Environment/Prefabs/EndWall.prefab
  artifactKey: Guid(a53fe34087284794dbe0aad895670634) Importer(815301076,1909f56bfc062723c751e8b465ee728b)
Start importing Assets/Effects/ParticlePack/Shared/Environment/Prefabs/EndWall.prefab using Guid(a53fe34087284794dbe0aad895670634) Importer(815301076,1909f56bfc062723c751e8b465ee728b)  -> (artifact id: '9d553f6282fc1c88c1c9a01e800577c7') in 0.015949 seconds
Number of updated asset objects reloaded before import = 0
Number of asset objects unloaded after import = 20
========================================================================
Received Import Request.
  Time since last request: 0.000032 seconds.
  path: Assets/Textures/Brown Wall/Brown Wall_normal.bmp
  artifactKey: Guid(bfc65ed1c4c7ca4449895c0bbb0339a5) Importer(815301076,1909f56bfc062723c751e8b465ee728b)
Start importing Assets/Textures/Brown Wall/Brown Wall_normal.bmp using Guid(bfc65ed1c4c7ca4449895c0bbb0339a5) Importer(815301076,1909f56bfc062723c751e8b465ee728b)  -> (artifact id: 'd7d3f5c8a765ec254ec53dd204da5ed2') in 0.015063 seconds
Number of updated asset objects reloaded before import = 0
Number of asset objects unloaded after import = 2
========================================================================
Received Import Request.
  Time since last request: 0.000019 seconds.
  path: Assets/Effects/ParticlePack/Shared/Environment/Models/EndWall.fbx
  artifactKey: Guid(18f35b9d268a5e2418ed0f7628c2d86d) Importer(815301076,1909f56bfc062723c751e8b465ee728b)
Start importing Assets/Effects/ParticlePack/Shared/Environment/Models/EndWall.fbx using Guid(18f35b9d268a5e2418ed0f7628c2d86d) Importer(815301076,1909f56bfc062723c751e8b465ee728b)  -> (artifact id: 'cda5f2a536f9a3c16a5f825a05eeb019') in 0.030213 seconds
Number of updated asset objects reloaded before import = 0
Number of asset objects unloaded after import = 20
========================================================================
Received Import Request.
  Time since last request: 0.000013 seconds.
  path: Assets/Effects/ParticlePack/Shared/Environment/Textures/ConcreteWall_AmbientOcclusion.tif
  artifactKey: Guid(45e11ca837ab9e64c8cb8a9ae58fc6f3) Importer(815301076,1909f56bfc062723c751e8b465ee728b)
Start importing Assets/Effects/ParticlePack/Shared/Environment/Textures/ConcreteWall_AmbientOcclusion.tif using Guid(45e11ca837ab9e64c8cb8a9ae58fc6f3) Importer(815301076,1909f56bfc062723c751e8b465ee728b)  -> (artifact id: 'bd87c54b32f7ecc20cc8e993d4daf08b') in 0.020128 seconds
Number of updated asset objects reloaded before import = 0
Number of asset objects unloaded after import = 2
========================================================================
Received Import Request.
  Time since last request: 0.000018 seconds.
  path: Assets/Effects/ParticlePack/Shared/Environment/Prefabs/CornerWall.prefab
  artifactKey: Guid(21617474d5ac06548b6020406dbe6e6b) Importer(815301076,1909f56bfc062723c751e8b465ee728b)
Start importing Assets/Effects/ParticlePack/Shared/Environment/Prefabs/CornerWall.prefab using Guid(21617474d5ac06548b6020406dbe6e6b) Importer(815301076,1909f56bfc062723c751e8b465ee728b)  -> (artifact id: 'ba7dacac0c443c82c740a1605cc9bc1b') in 0.033549 seconds
Number of updated asset objects reloaded before import = 0
Number of asset objects unloaded after import = 38
========================================================================
Received Import Request.
  Time since last request: 0.000018 seconds.
  path: Assets/SciFiProps2/Textures/WallTex_NormalMap.png
  artifactKey: Guid(592f2e1171a58804a9479ecec05e42b9) Importer(815301076,1909f56bfc062723c751e8b465ee728b)
Start importing Assets/SciFiProps2/Textures/WallTex_NormalMap.png using Guid(592f2e1171a58804a9479ecec05e42b9) Importer(815301076,1909f56bfc062723c751e8b465ee728b)  -> (artifact id: 'cf535bd032b3cf94a053147b1552c69b') in 0.025279 seconds
Number of updated asset objects reloaded before import = 0
Number of asset objects unloaded after import = 2
========================================================================
Received Import Request.
  Time since last request: 0.000018 seconds.
  path: Assets/SciFiProps2/Textures/WallTex_Albedo.tga
  artifactKey: Guid(4d2513f9f1be8b2409f3b9f9871e29f4) Importer(815301076,1909f56bfc062723c751e8b465ee728b)
Start importing Assets/SciFiProps2/Textures/WallTex_Albedo.tga using Guid(4d2513f9f1be8b2409f3b9f9871e29f4) Importer(815301076,1909f56bfc062723c751e8b465ee728b)  -> (artifact id: '48d3c081cbfa7b8b220d8e62776556c8') in 0.019019 seconds
Number of updated asset objects reloaded before import = 0
Number of asset objects unloaded after import = 2
Editor requested this worker to shutdown with reason: Scaling down because of idle timeout
TcpMessagingSession - receive error: operation aborted. errorcode: 995, details: The I/O operation has been aborted because of either a thread exit or an application request.
AssetImportWorker is now disconnected from the server
Process exiting
Exiting without the bug reporter. Application will terminate with return code 0